  Building Custom Rule E:/zxing-cpp-master/core/CMakeLists.txt
  cmake_pch.cxx
  Barcode.cpp
  BarcodeFormat.cpp
  BitMatrixIO.cpp
  Error.cpp
  GTIN.cpp
  WriteBarcode.cpp
  ZXingCpp.cpp
  HRI.cpp
  MultiFormatReader.cpp
  AZHighLevelEncoder.cpp
  DMDataBlock.cpp
  DMHighLevelEncoder.cpp
  ODDataBarExpandedBitDecoder.cpp
  PDFHighLevelEncoder.cpp
  QRVersion.cpp
  QRBitMatrixParser.cpp
  QRDataBlock.cpp
  QRDecoder.cpp
  QRReader.cpp
  QREncoder.cpp
  코드를 생성하고 있습니다...
  컴파일하고 있습니다...
  QRMaskUtil.cpp
  코드를 생성하고 있습니다...
  BitMatrix.cpp
  CharacterSet.cpp
  Content.cpp
  ECI.cpp
  ReadBarcode.cpp
  Utf.cpp
  BitArray.cpp
  GenericGF.cpp
  GenericGFPoly.cpp
  TextUtfEncoding.cpp
  BinaryBitmap.cpp
  BitSource.cpp
  ConcentricFinder.cpp
  GlobalHistogramBinarizer.cpp
  GridSampler.cpp
  HybridBinarizer.cpp
  PerspectiveTransform.cpp
  ReedSolomonDecoder.cpp
  ResultPoint.cpp
  TextDecoder.cpp
  코드를 생성하고 있습니다...
  컴파일하고 있습니다...
  WhiteRectDetector.cpp
  ReedSolomonEncoder.cpp
  TextEncoder.cpp
  MultiFormatWriter.cpp
  AZDecoder.cpp
  AZDetector.cpp
  AZReader.cpp
  AZEncoder.cpp
  AZToken.cpp
  AZWriter.cpp
  DMBitLayout.cpp
  DMVersion.cpp
  DMDecoder.cpp
  DMDetector.cpp
  DMReader.cpp
  DMECEncoder.cpp
  DMSymbolInfo.cpp
  DMWriter.cpp
  MCBitMatrixParser.cpp
  MCDecoder.cpp
  코드를 생성하고 있습니다...
  컴파일하고 있습니다...
  MCReader.cpp
  ODUPCEANCommon.cpp
  ODCode128Patterns.cpp
  ODCodabarReader.cpp
  ODCode39Reader.cpp
  ODCode93Reader.cpp
  ODCode128Reader.cpp
  ODDataBarCommon.cpp
  ODDataBarReader.cpp
  ODDataBarExpandedReader.cpp
  ODDXFilmEdgeReader.cpp
  ODITFReader.cpp
  ODMultiUPCEANReader.cpp
  ODReader.cpp
  ODCodabarWriter.cpp
  ODCode39Writer.cpp
  ODCode93Writer.cpp
  ODCode128Writer.cpp
  ODEAN8Writer.cpp
  ODEAN13Writer.cpp
  코드를 생성하고 있습니다...
  컴파일하고 있습니다...
  ODITFWriter.cpp
  ODUPCEWriter.cpp
  ODUPCAWriter.cpp
  ODWriterHelper.cpp
  ZXBigInteger.cpp
  PDFBarcodeValue.cpp
  PDFBoundingBox.cpp
  PDFCodewordDecoder.cpp
  PDFDecoder.cpp
  PDFDetectionResult.cpp
  PDFDetectionResultColumn.cpp
  PDFDetector.cpp
  PDFModulusGF.cpp
  PDFModulusPoly.cpp
  PDFReader.cpp
  PDFScanningDecoder.cpp
  PDFEncoder.cpp
  PDFWriter.cpp
  QRCodecMode.cpp
  QRErrorCorrectionLevel.cpp
  코드를 생성하고 있습니다...
  컴파일하고 있습니다...
  QRDetector.cpp
  QRFormatInformation.cpp
  QRMatrixUtil.cpp
  QRWriter.cpp
  코드를 생성하고 있습니다...
  zueci.c
  ZXing.vcxproj -> E:\zxing-cpp-master\build\core\Debug\ZXing.lib
